{"numTotalTestSuites":7,"numPassedTestSuites":3,"numFailedTestSuites":4,"numPendingTestSuites":0,"numTotalTests":11,"numPassedTests":8,"numFailedTests":3,"numPendingTests":0,"numTodoTests":0,"snapshot":{"added":0,"failure":false,"filesAdded":0,"filesRemoved":0,"filesRemovedList":[],"filesUnmatched":0,"filesUpdated":0,"matched":0,"total":0,"unchecked":0,"uncheckedKeysByFile":[],"unmatched":0,"updated":0,"didUpdate":false},"startTime":1757105726550,"success":false,"testResults":[{"assertionResults":[{"ancestorTitles":["Security Adversary Tests","Path Traversal Attacks"],"fullName":"Security Adversary Tests Path Traversal Attacks should prevent path traversal in template destination paths","status":"passed","title":"should prevent path traversal in template destination paths","duration":33.82433299999997,"failureMessages":[],"meta":{}},{"ancestorTitles":["Security Adversary Tests","Path Traversal Attacks"],"fullName":"Security Adversary Tests Path Traversal Attacks should sanitize relative paths in file injection operations","status":"passed","title":"should sanitize relative paths in file injection operations","duration":2264.85525,"failureMessages":[],"meta":{}},{"ancestorTitles":["Security Adversary Tests","Path Traversal Attacks"],"fullName":"Security Adversary Tests Path Traversal Attacks should prevent symlink attacks","status":"passed","title":"should prevent symlink attacks","duration":3.5027500000001055,"failureMessages":[],"meta":{}},{"ancestorTitles":["Security Adversary Tests","Command Injection Prevention"],"fullName":"Security Adversary Tests Command Injection Prevention should sanitize shell commands in frontmatter","status":"passed","title":"should sanitize shell commands in frontmatter","duration":1073.447541,"failureMessages":[],"meta":{}},{"ancestorTitles":["Security Adversary Tests","Command Injection Prevention"],"fullName":"Security Adversary Tests Command Injection Prevention should prevent privilege escalation attempts","status":"passed","title":"should prevent privilege escalation attempts","duration":2.080500000000029,"failureMessages":[],"meta":{}},{"ancestorTitles":["Security Adversary Tests","Resource Exhaustion Prevention"],"fullName":"Security Adversary Tests Resource Exhaustion Prevention should handle extremely large file operations safely","status":"passed","title":"should handle extremely large file operations safely","duration":783.9241670000001,"failureMessages":[],"meta":{}},{"ancestorTitles":["Security Adversary Tests","Resource Exhaustion Prevention"],"fullName":"Security Adversary Tests Resource Exhaustion Prevention should prevent infinite loops in template processing","status":"failed","title":"should prevent infinite loops in template processing","duration":30007.798167,"failureMessages":["Error: STACK_TRACE_ERROR\n    at task (file:///Users/sac/unjucks/node_modules/.pnpm/@vitest+runner@3.2.4/node_modules/@vitest/runner/dist/chunk-hooks.js:638:27)\n    at Object.<anonymous> (file:///Users/sac/unjucks/node_modules/.pnpm/@vitest+runner@3.2.4/node_modules/@vitest/runner/dist/chunk-hooks.js:662:16)\n    at Object.<anonymous> (file:///Users/sac/unjucks/node_modules/.pnpm/@vitest+runner@3.2.4/node_modules/@vitest/runner/dist/chunk-hooks.js:458:28)\n    at chain (file:///Users/sac/unjucks/node_modules/.pnpm/@vitest+runner@3.2.4/node_modules/@vitest/runner/dist/chunk-hooks.js:369:14)\n    at /Users/sac/unjucks/tests/unit/adversary/security-adversary.test.ts:395:5\n    at file:///Users/sac/unjucks/node_modules/.pnpm/@vitest+runner@3.2.4/node_modules/@vitest/runner/dist/chunk-hooks.js:734:40\n    at runWithSuite (file:///Users/sac/unjucks/node_modules/.pnpm/@vitest+runner@3.2.4/node_modules/@vitest/runner/dist/chunk-hooks.js:1849:8)\n    at Object.collect (file:///Users/sac/unjucks/node_modules/.pnpm/@vitest+runner@3.2.4/node_modules/@vitest/runner/dist/chunk-hooks.js:734:10)\n    at Object.collect (file:///Users/sac/unjucks/node_modules/.pnpm/@vitest+runner@3.2.4/node_modules/@vitest/runner/dist/chunk-hooks.js:738:54)\n    at Object.collect (file:///Users/sac/unjucks/node_modules/.pnpm/@vitest+runner@3.2.4/node_modules/@vitest/runner/dist/chunk-hooks.js:738:46)\n    at collectTests (file:///Users/sac/unjucks/node_modules/.pnpm/@vitest+runner@3.2.4/node_modules/@vitest/runner/dist/chunk-hooks.js:1179:25)\n    at startTests (file:///Users/sac/unjucks/node_modules/.pnpm/@vitest+runner@3.2.4/node_modules/@vitest/runner/dist/chunk-hooks.js:1817:17)\n    at file:///Users/sac/unjucks/node_modules/.pnpm/vitest@3.2.4_@types+node@24.3.1_jiti@2.5.1_tsx@4.20.5_yaml@2.8.1/node_modules/vitest/dist/chunks/runBaseTests.9Ij9_de-.js:117:26\n    at withEnv (file:///Users/sac/unjucks/node_modules/.pnpm/vitest@3.2.4_@types+node@24.3.1_jiti@2.5.1_tsx@4.20.5_yaml@2.8.1/node_modules/vitest/dist/chunks/runBaseTests.9Ij9_de-.js:84:3)\n    at run (file:///Users/sac/unjucks/node_modules/.pnpm/vitest@3.2.4_@types+node@24.3.1_jiti@2.5.1_tsx@4.20.5_yaml@2.8.1/node_modules/vitest/dist/chunks/runBaseTests.9Ij9_de-.js:109:2)"],"meta":{}},{"ancestorTitles":["Security Adversary Tests","Input Validation Attacks"],"fullName":"Security Adversary Tests Input Validation Attacks should handle malformed YAML frontmatter safely","status":"passed","title":"should handle malformed YAML frontmatter safely","duration":9.540541999995185,"failureMessages":[],"meta":{}},{"ancestorTitles":["Security Adversary Tests","Input Validation Attacks"],"fullName":"Security Adversary Tests Input Validation Attacks should sanitize template variable injections","status":"passed","title":"should sanitize template variable injections","duration":22.45820800000365,"failureMessages":[],"meta":{}},{"ancestorTitles":["Security Adversary Tests","File System Security"],"fullName":"Security Adversary Tests File System Security should respect file permissions and ownership","status":"failed","title":"should respect file permissions and ownership","duration":7.323458999999275,"failureMessages":["Error: Property failed after 1 tests\n{ seed: 1295718436, path: \"0:0:0:0:0:0:0:0:0:0:0:0:0\", endOnFailure: true }\nCounterexample: [{\"chmod\":\"000\",\"content\":\"          \"}]\nShrunk 12 time(s)\nGot AssertionError: expected 420 to be +0 // Object.is equality\n    at /Users/sac/unjucks/tests/unit/adversary/security-adversary.test.ts:587:28\n    at AsyncProperty.run (file:///Users/sac/unjucks/node_modules/.pnpm/fast-check@3.23.2/node_modules/fast-check/lib/esm/check/property/AsyncProperty.generic.js:46:28)\n    at asyncRunIt (file:///Users/sac/unjucks/node_modules/.pnpm/fast-check@3.23.2/node_modules/fast-check/lib/esm/check/runner/Runner.js:33:21)\n    at /Users/sac/unjucks/tests/unit/adversary/security-adversary.test.ts:565:7\n    at file:///Users/sac/unjucks/node_modules/.pnpm/@vitest+runner@3.2.4/node_modules/@vitest/runner/dist/chunk-hooks.js:752:20\n\nHint: Enable verbose mode in order to have the list of all failing values encountered during the run\n    at buildError (file:///Users/sac/unjucks/node_modules/.pnpm/fast-check@3.23.2/node_modules/fast-check/lib/esm/check/runner/utils/RunDetailsFormatter.js:126:15)\n    at asyncThrowIfFailed (file:///Users/sac/unjucks/node_modules/.pnpm/fast-check@3.23.2/node_modules/fast-check/lib/esm/check/runner/utils/RunDetailsFormatter.js:143:11)"],"meta":{}},{"ancestorTitles":["Security Adversary Tests","File System Security"],"fullName":"Security Adversary Tests File System Security should prevent race conditions in file operations","status":"failed","title":"should prevent race conditions in file operations","duration":91.6150420000049,"failureMessages":["Error: Property failed after 3 tests\n{ seed: 383739989, path: \"2:0:0:33:8:4:3:0:0:0:0:0:0:5:0:22:3:10:1:6:3:7:2:1:5:1:3:4:16:1:1:9:8:3:1:4:2:1:4:1:1:17:7:7:8\", endOnFailure: true }\nCounterexample: [{\"filename\":\"A\",\"content1\":\"9;|jV*&=< \",\"content2\":\"     eh \\\\[@\"}]\nShrunk 44 time(s)\nGot AssertionError: expected [ '9;|jV*&=< ', '     eh \\[@' ] to include '9;|jV*&=< @'\n    at Proxy.<anonymous> (file:///Users/sac/unjucks/node_modules/.pnpm/@vitest+expect@3.2.4/node_modules/@vitest/expect/dist/index.js:1191:15)\n    at Proxy.<anonymous> (file:///Users/sac/unjucks/node_modules/.pnpm/@vitest+expect@3.2.4/node_modules/@vitest/expect/dist/index.js:1029:14)\n    at Proxy.methodWrapper (file:///Users/sac/unjucks/node_modules/.pnpm/chai@5.3.3/node_modules/chai/index.js:1686:25)\n    at /Users/sac/unjucks/tests/unit/adversary/security-adversary.test.ts:637:44\n    at AsyncProperty.run (file:///Users/sac/unjucks/node_modules/.pnpm/fast-check@3.23.2/node_modules/fast-check/lib/esm/check/property/AsyncProperty.generic.js:46:28)\n    at asyncRunIt (file:///Users/sac/unjucks/node_modules/.pnpm/fast-check@3.23.2/node_modules/fast-check/lib/esm/check/runner/Runner.js:33:21)\n    at /Users/sac/unjucks/tests/unit/adversary/security-adversary.test.ts:611:7\n    at file:///Users/sac/unjucks/node_modules/.pnpm/@vitest+runner@3.2.4/node_modules/@vitest/runner/dist/chunk-hooks.js:752:20\n\nHint: Enable verbose mode in order to have the list of all failing values encountered during the run\n    at buildError (file:///Users/sac/unjucks/node_modules/.pnpm/fast-check@3.23.2/node_modules/fast-check/lib/esm/check/runner/utils/RunDetailsFormatter.js:126:15)\n    at asyncThrowIfFailed (file:///Users/sac/unjucks/node_modules/.pnpm/fast-check@3.23.2/node_modules/fast-check/lib/esm/check/runner/utils/RunDetailsFormatter.js:143:11)"],"meta":{}}],"startTime":1757105726815,"endTime":1757105761116.615,"status":"failed","message":"","name":"/Users/sac/unjucks/tests/unit/adversary/security-adversary.test.ts"}]}